/*C60*/SET SCHEMA PUBLIC
drop table Book if exists
drop table Disc if exists
drop table hibernate_sequences if exists
create table Book (id integer not null, title varchar(255), author varchar(255), isbn varchar(255), primary key (id))
create table Disc (id integer not null, title varchar(255), barcode varchar(255), director varchar(255), fsk integer not null, primary key (id))
create table hibernate_sequences (sequence_name varchar(255) not null, next_val bigint, primary key (sequence_name))
/*C61*/SET SCHEMA PUBLIC
drop table Book if exists
drop table Disc if exists
drop table hibernate_sequences if exists
create table Book (id integer not null, title varchar(255), author varchar(255), isbn varchar(255), primary key (id))
create table Disc (id integer not null, title varchar(255), barcode varchar(255), director varchar(255), fsk integer not null, primary key (id))
create table hibernate_sequences (sequence_name varchar(255) not null, next_val bigint, primary key (sequence_name))
/*C62*/SET SCHEMA PUBLIC
drop table Book if exists
drop table Disc if exists
drop table hibernate_sequences if exists
create table Book (id integer not null, title varchar(255), author varchar(255), isbn varchar(255), primary key (id))
create table Disc (id integer not null, title varchar(255), barcode varchar(255), director varchar(255), fsk integer not null, primary key (id))
create table hibernate_sequences (sequence_name varchar(255) not null, next_val bigint, primary key (sequence_name))
/*C63*/SET SCHEMA PUBLIC
drop table Book if exists
drop table Disc if exists
drop table hibernate_sequences if exists
create table Book (id integer not null, title varchar(255), author varchar(255), isbn varchar(255), primary key (id))
create table Disc (id integer not null, title varchar(255), barcode varchar(255), director varchar(255), fsk integer not null, primary key (id))
create table hibernate_sequences (sequence_name varchar(255) not null, next_val bigint, primary key (sequence_name))
/*C64*/SET SCHEMA PUBLIC
drop table Book if exists
drop table Disc if exists
drop table hibernate_sequences if exists
create table Book (id integer not null, title varchar(255), author varchar(255), isbn varchar(255), primary key (id))
create table Disc (id integer not null, title varchar(255), barcode varchar(255), director varchar(255), fsk integer not null, primary key (id))
create table hibernate_sequences (sequence_name varchar(255) not null, next_val bigint, primary key (sequence_name))
/*C65*/SET SCHEMA PUBLIC
drop table Book if exists
drop table Disc if exists
drop table hibernate_sequences if exists
create table Book (id integer not null, title varchar(255), author varchar(255), isbn varchar(255), primary key (id))
create table Disc (id integer not null, title varchar(255), barcode varchar(255), director varchar(255), fsk integer not null, primary key (id))
create table hibernate_sequences (sequence_name varchar(255) not null, next_val bigint, primary key (sequence_name))
/*C66*/SET SCHEMA PUBLIC
drop table Book if exists
drop table Disc if exists
drop table hibernate_sequences if exists
create table Book (id integer not null, title varchar(255), author varchar(255), isbn varchar(255), primary key (id))
create table Disc (id integer not null, title varchar(255), barcode varchar(255), director varchar(255), fsk integer not null, primary key (id))
create table hibernate_sequences (sequence_name varchar(255) not null, next_val bigint, primary key (sequence_name))
/*C67*/SET SCHEMA PUBLIC
drop table Book if exists
drop table Disc if exists
drop table hibernate_sequences if exists
create table Book (id integer not null, title varchar(255), author varchar(255), isbn varchar(255), primary key (id))
create table Disc (id integer not null, title varchar(255), barcode varchar(255), director varchar(255), fsk integer not null, primary key (id))
create table hibernate_sequences (sequence_name varchar(255) not null, next_val bigint, primary key (sequence_name))
/*C68*/SET SCHEMA PUBLIC
drop table Book if exists
drop table Disc if exists
drop table hibernate_sequences if exists
create table Book (id integer not null, title varchar(255), author varchar(255), isbn varchar(255), primary key (id))
create table Disc (id integer not null, title varchar(255), barcode varchar(255), director varchar(255), fsk integer not null, primary key (id))
create table hibernate_sequences (sequence_name varchar(255) not null, next_val bigint, primary key (sequence_name))
/*C69*/SET SCHEMA PUBLIC
drop table Book if exists
drop table Disc if exists
drop table hibernate_sequences if exists
create table Book (id integer not null, title varchar(255), author varchar(255), isbn varchar(255), primary key (id))
create table Disc (id integer not null, title varchar(255), barcode varchar(255), director varchar(255), fsk integer not null, primary key (id))
create table hibernate_sequences (sequence_name varchar(255) not null, next_val bigint, primary key (sequence_name))
/*C70*/SET SCHEMA PUBLIC
drop table Book if exists
drop table Disc if exists
drop table hibernate_sequences if exists
create table Book (id integer not null, title varchar(255), author varchar(255), isbn varchar(255), primary key (id))
create table Disc (id integer not null, title varchar(255), barcode varchar(255), director varchar(255), fsk integer not null, primary key (id))
create table hibernate_sequences (sequence_name varchar(255) not null, next_val bigint, primary key (sequence_name))
/*C71*/SET SCHEMA PUBLIC
drop table Book if exists
drop table Disc if exists
drop table hibernate_sequences if exists
create table Book (id integer not null, title varchar(255), author varchar(255), isbn varchar(255), primary key (id))
create table Disc (id integer not null, title varchar(255), barcode varchar(255), director varchar(255), fsk integer not null, primary key (id))
create table hibernate_sequences (sequence_name varchar(255) not null, next_val bigint, primary key (sequence_name))
/*C72*/SET SCHEMA PUBLIC
drop table Book if exists
drop table Disc if exists
drop table hibernate_sequences if exists
create table Book (id integer not null, title varchar(255), author varchar(255), isbn varchar(255), primary key (id))
create table Disc (id integer not null, title varchar(255), barcode varchar(255), director varchar(255), fsk integer not null, primary key (id))
create table hibernate_sequences (sequence_name varchar(255) not null, next_val bigint, primary key (sequence_name))
/*C73*/SET SCHEMA PUBLIC
drop table Book if exists
drop table Disc if exists
drop table hibernate_sequences if exists
create table Book (id integer not null, title varchar(255), author varchar(255), isbn varchar(255), primary key (id))
create table Disc (id integer not null, title varchar(255), barcode varchar(255), director varchar(255), fsk integer not null, primary key (id))
create table hibernate_sequences (sequence_name varchar(255) not null, next_val bigint, primary key (sequence_name))
/*C74*/SET SCHEMA PUBLIC
drop table Book if exists
drop table Disc if exists
drop table hibernate_sequences if exists
create table Book (id integer not null, title varchar(255), author varchar(255), isbn varchar(255), primary key (id))
create table Disc (id integer not null, title varchar(255), barcode varchar(255), director varchar(255), fsk integer not null, primary key (id))
create table hibernate_sequences (sequence_name varchar(255) not null, next_val bigint, primary key (sequence_name))
